INFO:     Will watch for changes in these directories: ['/Users/kihoon/Desktop/final_project/backend-python']
INFO:     Uvicorn running on http://0.0.0.0:8000 (Press CTRL+C to quit)
INFO:     Started reloader process [62889] using WatchFiles
INFO:     Started server process [62905]
INFO:     Waiting for application startup.
2025-12-08 17:06:17,785 - app.main - INFO - NEXUS Python AI Backend starting...
2025-12-08 17:06:17,785 - app.main - INFO - Port: 8000
2025-12-08 17:06:17,785 - app.main - INFO - CORS origins: http://localhost:5173,https://localhost:5173,http://localhost:3000,https://18b115e54257.ngrok-free.app
2025-12-08 17:06:17,785 - app.main - INFO - Database: localhost:5432/nexus
2025-12-08 17:06:17,787 - app.core.qdrant_client - ERROR - Failed to ensure collection exists: [Errno 61] Connection refused
2025-12-08 17:06:17,787 - app.main - ERROR - Failed to initialize Qdrant: [Errno 61] Connection refused
INFO:     Application startup complete.
INFO:     127.0.0.1:49412 - "GET /api/ai/health HTTP/1.1" 200 OK
INFO:     127.0.0.1:49492 - "GET /api/ai/voice/stt-stream/sessions HTTP/1.1" 200 OK
INFO:     Shutting down
INFO:     Waiting for application shutdown.
2025-12-08 17:07:17,737 - app.main - INFO - NEXUS Python AI Backend shutting down...
INFO:     Application shutdown complete.
INFO:     Finished server process [62905]
INFO:     Stopping reloader process [62889]
